<?xml version="1.0" encoding="UTF-8"?>
<!-- Generated by org.testng.reporters.JUnitReportReporter -->
<testsuite hostname="CSN-VM-STD-8707" failures="0" tests="3" name="test.day4" time="0.015" errors="0" timestamp="2023-06-21T15:59:39 IST" skipped="0">
  <testcase classname="test.day4" name="mobileloginhomeloan" time="0.004"/>
  <system-out/>
  <testcase classname="test.day4" name="webloginhomeloan" time="0.006"/>
  <system-out/>
  <testcase classname="test.day4" name="loginAPIhomeloan" time="0.005"/>
  <system-out/>
</testsuite> <!-- test.day4 -->
