<?xml version="1.0" encoding="UTF-8"?>
<!-- Generated by org.testng.reporters.JUnitReportReporter -->
<testsuite hostname="CSN-VM-STD-8707" failures="0" tests="6" name="test.day3" time="0.029" errors="0" timestamp="2023-06-21T15:59:39 IST" skipped="1">
  <testcase classname="test.day3" name="mobilesignoutcarloan" time="0.011"/>
  <system-out/>
  <testcase classname="test.day3" name="mobilesignoutcarloan" time="0.002"/>
  <system-out/>
  <testcase classname="test.day3" name="mobilesignoutcarloan" time="0.006"/>
  <system-out/>
  <testcase classname="test.day3" name="weblogincarloan" time="0.008"/>
  <system-out/>
  <testcase classname="test.day3" name="mobilelogincarloan" time="0.002"/>
  <system-out/>
  <testcase classname="test.day3" name="mobilesignincarloan">
    <skipped/>
  </testcase> <!-- mobilesignincarloan -->
  <system-out/>
</testsuite> <!-- test.day3 -->
